h:\代码练习\code_5.5\code_5.5\debug\vc142.pdb
h:\代码练习\code_5.5\code_5.5\debug\vc142.idb
h:\代码练习\code_5.5\code_5.5\debug\源.obj
h:\代码练习\code_5.5\code_5.5\debug\源.obj.enc
h:\代码练习\code_5.5\debug\code_5.5.pdb
h:\代码练习\code_5.5\code_5.5\debug\code_5.5.tlog\cl.command.1.tlog
h:\代码练习\code_5.5\code_5.5\debug\code_5.5.tlog\cl.read.1.tlog
h:\代码练习\code_5.5\code_5.5\debug\code_5.5.tlog\cl.write.1.tlog
h:\代码练习\code_5.5\code_5.5\debug\code_5.5.tlog\link-cvtres.read.1.tlog
h:\代码练习\code_5.5\code_5.5\debug\code_5.5.tlog\link-cvtres.write.1.tlog
h:\代码练习\code_5.5\code_5.5\debug\code_5.5.tlog\link-rc.read.1.tlog
h:\代码练习\code_5.5\code_5.5\debug\code_5.5.tlog\link-rc.write.1.tlog
h:\代码练习\code_5.5\code_5.5\debug\code_5.5.tlog\link.1496-cvtres.read.1.tlog
h:\代码练习\code_5.5\code_5.5\debug\code_5.5.tlog\link.1496-cvtres.write.1.tlog
h:\代码练习\code_5.5\code_5.5\debug\code_5.5.tlog\link.1496-rc.read.1.tlog
h:\代码练习\code_5.5\code_5.5\debug\code_5.5.tlog\link.1496-rc.write.1.tlog
h:\代码练习\code_5.5\code_5.5\debug\code_5.5.tlog\link.1496.read.1.tlog
h:\代码练习\code_5.5\code_5.5\debug\code_5.5.tlog\link.1496.write.1.tlog
h:\代码练习\code_5.5\code_5.5\debug\code_5.5.tlog\link.command.1.tlog
h:\代码练习\code_5.5\code_5.5\debug\code_5.5.tlog\link.read.1.tlog
h:\代码练习\code_5.5\code_5.5\debug\code_5.5.tlog\link.write.1.tlog
